app/build/outputs/logs/manifest-merger-debug-report.txt
-- Merging decision tree log ---
manifest
ADDED from src/main/AndroidManifest.xml:1:1-123:12
INJECTED from src/main/AndroidManifest.xml:1:1-123:12
INJECTED from src/main/AndroidManifest.xml:1:1-123:12
INJECTED from src/main/AndroidManifest.xml:1:1-123:12
INJECTED from src/main/AndroidManifest.xml:1:1-123:12
INJECTED from src/main/AndroidManifest.xml:1:1-123:12
INJECTED from src/main/AndroidManifest.xml:1:1-123:12
	package
		ADDED from src/main/AndroidManifest.xml:2:5-26
		INJECTED from src/main/AndroidManifest.xml
		INJECTED from src/main/AndroidManifest.xml
	android:versionName
		ADDED from src/main/AndroidManifest.xml:4:5-30
		INJECTED from src/main/AndroidManifest.xml
		INJECTED from src/main/AndroidManifest.xml
	xmlns:android
		ADDED from src/main/AndroidManifest.xml:1:11-69
	android:versionCode
		ADDED from src/main/AndroidManifest.xml:3:5-28
		INJECTED from src/main/AndroidManifest.xml
		INJECTED from src/main/AndroidManifest.xml
uses-sdk
ADDED from src/main/AndroidManifest.xml:6:5-8:41
INJECTED from src/main/AndroidManifest.xml:6:5-8:41
INJECTED from src/main/AndroidManifest.xml:6:5-8:41
INJECTED from src/main/AndroidManifest.xml:6:5-8:41
INJECTED from src/main/AndroidManifest.xml:6:5-8:41
	android:targetSdkVersion
		ADDED from src/main/AndroidManifest.xml:8:9-38
		INJECTED from src/main/AndroidManifest.xml
		INJECTED from src/main/AndroidManifest.xml
	android:minSdkVersion
		ADDED from src/main/AndroidManifest.xml:7:9-34
		INJECTED from src/main/AndroidManifest.xml
		INJECTED from src/main/AndroidManifest.xml
uses-permission#android.permission.READ_PHONE_STATE
ADDED from src/main/AndroidManifest.xml:10:5-75
	android:name
		ADDED from src/main/AndroidManifest.xml:10:22-72
uses-permission#android.permission.ACCESS_NETWORK_STATE
ADDED from src/main/AndroidManifest.xml:11:5-79
	android:name
		ADDED from src/main/AndroidManifest.xml:11:22-76
uses-permission#android.permission.INTERNET
ADDED from src/main/AndroidManifest.xml:12:5-67
	android:name
		ADDED from src/main/AndroidManifest.xml:12:22-64
application
ADDED from src/main/AndroidManifest.xml:13:5-121:19
	android:label
		ADDED from src/main/AndroidManifest.xml:15:9-41
	android:icon
		ADDED from src/main/AndroidManifest.xml:14:9-45
	android:theme
		ADDED from src/main/AndroidManifest.xml:16:9-40
activity#com.ecs.ppp.SplashActivity
ADDED from src/main/AndroidManifest.xml:17:9-27:20
	android:screenOrientation
		ADDED from src/main/AndroidManifest.xml:20:13-49
	android:label
		ADDED from src/main/AndroidManifest.xml:19:13-45
	android:theme
		ADDED from src/main/AndroidManifest.xml:21:13-71
	android:name
		ADDED from src/main/AndroidManifest.xml:18:13-43
intent-filter#action:name:android.intent.action.MAIN+category:name:android.intent.category.DEFAULT
ADDED from src/main/AndroidManifest.xml:22:13-26:29
action#android.intent.action.MAIN
ADDED from src/main/AndroidManifest.xml:23:17-69
	android:name
		ADDED from src/main/AndroidManifest.xml:23:25-66
category#android.intent.category.DEFAULT
ADDED from src/main/AndroidManifest.xml:25:17-76
	android:name
		ADDED from src/main/AndroidManifest.xml:25:27-73
activity#com.ecs.ppp.HomeActivity
ADDED from src/main/AndroidManifest.xml:28:9-38:20
	android:screenOrientation
		ADDED from src/main/AndroidManifest.xml:31:13-49
	android:noHistory
		ADDED from src/main/AndroidManifest.xml:30:13-37
	android:theme
		ADDED from src/main/AndroidManifest.xml:32:13-71
	android:name
		ADDED from src/main/AndroidManifest.xml:29:13-41
intent-filter#action:name:android.intent.action.MAIN+category:name:android.intent.category.LAUNCHER
ADDED from src/main/AndroidManifest.xml:33:13-37:29
category#android.intent.category.LAUNCHER
ADDED from src/main/AndroidManifest.xml:36:17-77
	android:name
		ADDED from src/main/AndroidManifest.xml:36:27-74
activity#com.ecs.ppp.UpgradationActivity
ADDED from src/main/AndroidManifest.xml:40:9-45:20
	android:screenOrientation
		ADDED from src/main/AndroidManifest.xml:43:13-49
	android:noHistory
		ADDED from src/main/AndroidManifest.xml:42:13-37
	android:theme
		ADDED from src/main/AndroidManifest.xml:44:13-71
	android:name
		ADDED from src/main/AndroidManifest.xml:41:13-48
activity#com.ecs.ppp.TestMenuActivity
ADDED from src/main/AndroidManifest.xml:46:9-51:20
	android:screenOrientation
		ADDED from src/main/AndroidManifest.xml:49:13-49
	android:noHistory
		ADDED from src/main/AndroidManifest.xml:48:13-37
	android:theme
		ADDED from src/main/AndroidManifest.xml:50:13-71
	android:name
		ADDED from src/main/AndroidManifest.xml:47:13-45
activity#com.ecs.ppp.MentalGameActivity
ADDED from src/main/AndroidManifest.xml:52:9-57:20
	android:screenOrientation
		ADDED from src/main/AndroidManifest.xml:55:13-49
	android:noHistory
		ADDED from src/main/AndroidManifest.xml:54:13-37
	android:theme
		ADDED from src/main/AndroidManifest.xml:56:13-71
	android:name
		ADDED from src/main/AndroidManifest.xml:53:13-47
activity#com.ecs.ppp.EmotionalAcuityActivity
ADDED from src/main/AndroidManifest.xml:58:9-68:20
	android:screenOrientation
		ADDED from src/main/AndroidManifest.xml:61:13-49
	android:noHistory
		ADDED from src/main/AndroidManifest.xml:60:13-37
	android:theme
		ADDED from src/main/AndroidManifest.xml:62:13-71
	android:name
		ADDED from src/main/AndroidManifest.xml:59:13-52
intent-filter#action:name:android.intent.action.EEA+category:name:android.intent.category.DEFAULT
ADDED from src/main/AndroidManifest.xml:63:13-67:29
action#android.intent.action.EEA
ADDED from src/main/AndroidManifest.xml:64:17-68
	android:name
		ADDED from src/main/AndroidManifest.xml:64:25-65
activity#com.ecs.ppp.SelfAcuityActivity
ADDED from src/main/AndroidManifest.xml:69:9-74:20
	android:screenOrientation
		ADDED from src/main/AndroidManifest.xml:72:13-49
	android:noHistory
		ADDED from src/main/AndroidManifest.xml:71:13-37
	android:theme
		ADDED from src/main/AndroidManifest.xml:73:13-71
	android:name
		ADDED from src/main/AndroidManifest.xml:70:13-47
activity#com.ecs.ppp.CalculateResultActivity
ADDED from src/main/AndroidManifest.xml:75:9-80:20
	android:screenOrientation
		ADDED from src/main/AndroidManifest.xml:78:13-49
	android:noHistory
		ADDED from src/main/AndroidManifest.xml:77:13-37
	android:theme
		ADDED from src/main/AndroidManifest.xml:79:13-71
	android:name
		ADDED from src/main/AndroidManifest.xml:76:13-52
activity#com.ecs.ppp.CustomAcuityActivity
ADDED from src/main/AndroidManifest.xml:81:9-86:20
	android:screenOrientation
		ADDED from src/main/AndroidManifest.xml:84:13-49
	android:noHistory
		ADDED from src/main/AndroidManifest.xml:83:13-37
	android:theme
		ADDED from src/main/AndroidManifest.xml:85:13-71
	android:name
		ADDED from src/main/AndroidManifest.xml:82:13-49
activity#com.ecs.ppp.RegistrationActivity
ADDED from src/main/AndroidManifest.xml:87:9-92:20
	android:screenOrientation
		ADDED from src/main/AndroidManifest.xml:90:13-49
	android:noHistory
		ADDED from src/main/AndroidManifest.xml:89:13-37
	android:theme
		ADDED from src/main/AndroidManifest.xml:91:13-71
	android:name
		ADDED from src/main/AndroidManifest.xml:88:13-49
activity#com.ecs.ppp.InfoActivity
ADDED from src/main/AndroidManifest.xml:93:9-98:20
	android:screenOrientation
		ADDED from src/main/AndroidManifest.xml:96:13-49
	android:noHistory
		ADDED from src/main/AndroidManifest.xml:95:13-37
	android:theme
		ADDED from src/main/AndroidManifest.xml:97:13-71
	android:name
		ADDED from src/main/AndroidManifest.xml:94:13-41
activity#com.ecs.ppp.AdminHomeActivity
ADDED from src/main/AndroidManifest.xml:99:9-104:20
	android:screenOrientation
		ADDED from src/main/AndroidManifest.xml:102:13-49
	android:noHistory
		ADDED from src/main/AndroidManifest.xml:101:13-37
	android:theme
		ADDED from src/main/AndroidManifest.xml:103:13-71
	android:name
		ADDED from src/main/AndroidManifest.xml:100:13-46
activity#com.ecs.ppp.GenerateGraphActivity
ADDED from src/main/AndroidManifest.xml:105:9-110:20
	android:screenOrientation
		ADDED from src/main/AndroidManifest.xml:108:13-49
	android:noHistory
		ADDED from src/main/AndroidManifest.xml:107:13-37
	android:theme
		ADDED from src/main/AndroidManifest.xml:109:13-71
	android:name
		ADDED from src/main/AndroidManifest.xml:106:13-50
receiver#com.ecs.ppp.utils.MyReceiver
ADDED from src/main/AndroidManifest.xml:112:9-120:20
	android:name
		ADDED from src/main/AndroidManifest.xml:112:19-62
intent-filter#action:name:android.intent.action.PACKAGE_ADDED+action:name:android.intent.action.PACKAGE_REMOVED+action:name:android.intent.action.PACKAGE_REPLACED+data:scheme:package
ADDED from src/main/AndroidManifest.xml:113:13-119:29
action#android.intent.action.PACKAGE_ADDED
ADDED from src/main/AndroidManifest.xml:114:17-78
	android:name
		ADDED from src/main/AndroidManifest.xml:114:25-75
action#android.intent.action.PACKAGE_REPLACED
ADDED from src/main/AndroidManifest.xml:115:17-81
	android:name
		ADDED from src/main/AndroidManifest.xml:115:25-78
action#android.intent.action.PACKAGE_REMOVED
ADDED from src/main/AndroidManifest.xml:116:17-80
	android:name
		ADDED from src/main/AndroidManifest.xml:116:25-77
data
ADDED from src/main/AndroidManifest.xml:118:17-50
	android:scheme
		ADDED from src/main/AndroidManifest.xml:118:23-47